[38;5;0m[HTTP][0m [37m-->[39m [37mPOST[39m [37m/session[39m
[38;5;0m[HTTP][0m [90m{"capabilities":{"alwaysMatch":{"appium:platformName":"Android","appium:deviceName":"Pixel 7 Pro","appium:platformVersion":"13.0","appium:automationName":"UIAutomator2","appium:app":"C://Users//cyrus//webdriverio-appiumv8//app//android//ColorNoteNotepad.apk","appium:autoGrantPermissions":true},"firstMatch":[{}]},"desiredCapabilities":{"appium:platformName":"Android","appium:deviceName":"Pixel 7 Pro","appium:platformVersion":"13.0","appium:automationName":"UIAutomator2","appium:app":"C://Users//cyrus//webdriverio-appiumv8//app//android//ColorNoteNotepad.apk","appium:autoGrantPermissions":true}}[39m
[debug] [38;5;16m[AppiumDriver@8434][0m Calling AppiumDriver.createSession() with args: [{"appium:platformName":"Android","appium:deviceName":"Pixel 7 Pro","appium:platformVersion":"13.0","appium:automationName":"UIAutomator2","appium:app":"C://Users//cyrus//webdriverio-appiumv8//app//android//ColorNoteNotepad.apk","appium:autoGrantPermissions":true},null,{"alwaysMatch":{"appium:platformName":"Android","appium:deviceName":"Pixel 7 Pro","appium:platformVersion":"13.0","appium:automationName":"UIAutomator2","appium:app":"C://Users//cyrus//webdriverio-appiumv8//app//android//ColorNoteNotepad.apk","appium:autoGrantPermissions":true},"firstMatch":[{}]}]
[debug] [38;5;16m[AppiumDriver@8434][0m Event 'newSessionRequested' logged at 1696644353860 (10:05:53 GMT+0800 (China Standard Time))
[38;5;32m[BaseDriver][0m The capabilities ["platformName"] are standard capabilities and do not require "appium:" prefix
[35m[Appium][39m Attempting to find matching driver for automationName 'UIAutomator2' and platformName 'Android'
[35m[Appium][39m The 'uiautomator2' driver was installed and matched caps.
[35m[Appium][39m Will require it at C:\Users\cyrus\webdriverio-appiumv8\node_modules\appium-uiautomator2-driver
[debug] [35m[Appium][39m Requiring driver at C:\Users\cyrus\webdriverio-appiumv8\node_modules\appium-uiautomator2-driver
[38;5;16m[AppiumDriver@8434][0m Appium v2.1.3 creating new AndroidUiautomator2Driver (v2.29.8) session
[38;5;16m[AppiumDriver@8434][0m Checking BaseDriver versions for Appium and AndroidUiautomator2Driver
[38;5;16m[AppiumDriver@8434][0m Appium's BaseDriver version is 9.3.20
[38;5;16m[AppiumDriver@8434][0m AndroidUiautomator2Driver's BaseDriver version is 9.3.20
[38;5;16m[AppiumDriver@8434][0m Applying relaxed security to 'AndroidUiautomator2Driver' as per server command line argument. All insecure features will be enabled unless explicitly disabled by --deny-insecure
[debug] [38;5;48m[AndroidUiautomator2Driver@b1d2][0m Creating session with W3C capabilities: {
[debug] [38;5;48m[AndroidUiautomator2Driver@b1d2][0m   "alwaysMatch": {
[debug] [38;5;48m[AndroidUiautomator2Driver@b1d2][0m     "platformName": "Android",
[debug] [38;5;48m[AndroidUiautomator2Driver@b1d2][0m     "appium:deviceName": "Pixel 7 Pro",
[debug] [38;5;48m[AndroidUiautomator2Driver@b1d2][0m     "appium:platformVersion": "13.0",
[debug] [38;5;48m[AndroidUiautomator2Driver@b1d2][0m     "appium:automationName": "UIAutomator2",
[debug] [38;5;48m[AndroidUiautomator2Driver@b1d2][0m     "appium:app": "C://Users//cyrus//webdriverio-appiumv8//app//android//ColorNoteNotepad.apk",
[debug] [38;5;48m[AndroidUiautomator2Driver@b1d2][0m     "appium:autoGrantPermissions": true
[debug] [38;5;48m[AndroidUiautomator2Driver@b1d2][0m   },
[debug] [38;5;48m[AndroidUiautomator2Driver@b1d2][0m   "firstMatch": [
[debug] [38;5;48m[AndroidUiautomator2Driver@b1d2][0m     {}
[debug] [38;5;48m[AndroidUiautomator2Driver@b1d2][0m   ]
[debug] [38;5;48m[AndroidUiautomator2Driver@b1d2][0m }
[38;5;48m[AndroidUiautomator2Driver@b1d2][0m The following capabilities were provided, but are not recognized by Appium:
[38;5;48m[AndroidUiautomator2Driver@b1d2][0m   deviceName
[38;5;48m[AndroidUiautomator2Driver@b1d2 (ac23a8f0)][0m Session created with session id: ac23a8f0-c238-4336-a08d-f5ef5539c1bb
[38;5;32m[BaseDriver][0m Using local app 'C://Users//cyrus//webdriverio-appiumv8//app//android//ColorNoteNotepad.apk'
[debug] [38;5;48m[AndroidUiautomator2Driver@b1d2 (ac23a8f0)][0m Checking whether app is actually present
[38;5;64m[ADB][0m Found 2 'build-tools' folders under 'C:\Users\cyrus\AppData\Local\Android\Sdk' (newest first):
[38;5;64m[ADB][0m     C:\Users\cyrus\AppData\Local\Android\Sdk\build-tools\34.0.0
[38;5;64m[ADB][0m     C:\Users\cyrus\AppData\Local\Android\Sdk\build-tools\33.0.1
[38;5;64m[ADB][0m Using 'adb.exe' from 'C:\Users\cyrus\AppData\Local\Android\Sdk\platform-tools\adb.exe'
[debug] [38;5;64m[ADB][0m Running 'C:\Users\cyrus\AppData\Local\Android\Sdk\platform-tools\adb.exe -P 5037 start-server'
[38;5;80m[AndroidDriver][0m Retrieving device list
[debug] [38;5;64m[ADB][0m Trying to find connected Android devices
[debug] [38;5;64m[ADB][0m Getting connected devices
[debug] [38;5;64m[ADB][0m Connected devices: [{"udid":"emulator-5554","state":"device"}]
[38;5;80m[AndroidDriver][0m Looking for a device with Android '13.0.0'
[debug] [38;5;64m[ADB][0m Setting device id to emulator-5554
[38;5;64m[ADB][0m Getting device platform version
[debug] [38;5;64m[ADB][0m Running 'C:\Users\cyrus\AppData\Local\Android\Sdk\platform-tools\adb.exe -P 5037 -s emulator-5554 shell getprop ro.build.version.release'
[debug] [38;5;64m[ADB][0m Current device property 'ro.build.version.release': 13
[38;5;80m[AndroidDriver][0m Using device: emulator-5554
[38;5;64m[ADB][0m Using 'adb.exe' from 'C:\Users\cyrus\AppData\Local\Android\Sdk\platform-tools\adb.exe'
[debug] [38;5;64m[ADB][0m Running 'C:\Users\cyrus\AppData\Local\Android\Sdk\platform-tools\adb.exe -P 5037 start-server'
[debug] [38;5;64m[ADB][0m Setting device id to emulator-5554
[debug] [38;5;64m[ADB][0m Running 'C:\Users\cyrus\AppData\Local\Android\Sdk\platform-tools\adb.exe -P 5037 -s emulator-5554 shell getprop ro.build.version.sdk'
[debug] [38;5;64m[ADB][0m Current device property 'ro.build.version.sdk': 33
[38;5;64m[ADB][0m Getting device platform version
[debug] [38;5;64m[ADB][0m Running 'C:\Users\cyrus\AppData\Local\Android\Sdk\platform-tools\adb.exe -P 5037 -s emulator-5554 shell getprop ro.build.version.release'
[debug] [38;5;64m[ADB][0m Current device property 'ro.build.version.release': 13
[debug] [38;5;64m[ADB][0m Device API level: 33
[38;5;48m[AndroidUiautomator2Driver@b1d2 (ac23a8f0)][0m Relaxing hidden api policy
[debug] [38;5;64m[ADB][0m Running 'C:\Users\cyrus\AppData\Local\Android\Sdk\platform-tools\adb.exe -P 5037 -s emulator-5554 shell 'settings put global hidden_api_policy_pre_p_apps 1;settings put global hidden_api_policy_p_apps 1;settings put global hidden_api_policy 1''
[debug] [38;5;80m[AndroidDriver][0m Parsing package and activity from app manifest
[38;5;64m[ADB][0m Package name: 'com.socialnmobile.dictapps.notepad.color.note'
[38;5;64m[ADB][0m Main activity name: 'com.socialnmobile.colornote.activity.Main'
[debug] [38;5;80m[AndroidDriver][0m Parsed package and activity are: com.socialnmobile.dictapps.notepad.color.note/com.socialnmobile.colornote.activity.Main
[debug] [38;5;64m[ADB][0m Running 'C:\Users\cyrus\AppData\Local\Android\Sdk\platform-tools\adb.exe -P 5037 -s emulator-5554 wait-for-device'
[debug] [38;5;64m[ADB][0m Running 'C:\Users\cyrus\AppData\Local\Android\Sdk\platform-tools\adb.exe -P 5037 -s emulator-5554 shell echo ping'
[debug] [38;5;80m[AndroidDriver][0m Pushing settings apk to device...
[debug] [38;5;64m[ADB][0m Getting package info for 'io.appium.settings'
[debug] [38;5;64m[ADB][0m Running 'C:\Users\cyrus\AppData\Local\Android\Sdk\platform-tools\adb.exe -P 5037 -s emulator-5554 shell dumpsys package io.appium.settings'
[debug] [38;5;64m[ADB][0m The version name of the installed 'io.appium.settings' is greater or equal to the application version name ('5.1.2' >= '5.1.2')
[debug] [38;5;64m[ADB][0m There is no need to install/upgrade 'C:\Users\cyrus\webdriverio-appiumv8\node_modules\io.appium.settings\apks\settings_apk-debug.apk'
[debug] [38;5;64m[ADB][0m Getting IDs of all 'io.appium.settings' processes
[debug] [38;5;64m[ADB][0m Running 'C:\Users\cyrus\AppData\Local\Android\Sdk\platform-tools\adb.exe -P 5037 -s emulator-5554 shell 'pgrep --help; echo $?''
[debug] [38;5;64m[ADB][0m Running 'C:\Users\cyrus\AppData\Local\Android\Sdk\platform-tools\adb.exe -P 5037 -s emulator-5554 shell pgrep -f \(\[\[:blank:\]\]\|\^\)io\.appium\.settings\(\[\[:blank:\]\]\|\$\)'
[debug] [38;5;80m[AndroidDriver][0m io.appium.settings is already running. There is no need to reset its permissions.
[debug] [38;5;96m[Logcat][0m Starting logs capture with command: C:\\Users\\cyrus\\AppData\\Local\\Android\\Sdk\\platform-tools\\adb.exe -P 5037 -s emulator-5554 logcat -v threadtime
[debug] [38;5;48m[AndroidUiautomator2Driver@b1d2 (ac23a8f0)][0m Forwarding UiAutomator2 Server port 6790 to local port 8200
[debug] [38;5;64m[ADB][0m Forwarding system: 8200 to device: 6790
[debug] [38;5;64m[ADB][0m Running 'C:\Users\cyrus\AppData\Local\Android\Sdk\platform-tools\adb.exe -P 5037 -s emulator-5554 forward tcp:8200 tcp:6790'
[debug] [38;5;64m[ADB][0m Checking app cert for C:\Users\cyrus\webdriverio-appiumv8\node_modules\appium-uiautomator2-server\apks\appium-uiautomator2-server-v5.12.5.apk
[debug] [38;5;64m[ADB][0m Checking app cert for C:\Users\cyrus\webdriverio-appiumv8\node_modules\appium-uiautomator2-server\apks\appium-uiautomator2-server-debug-androidTest.apk
[38;5;64m[ADB][0m Using 'apksigner.jar' from 'C:\Users\cyrus\AppData\Local\Android\Sdk\build-tools\34.0.0\lib\apksigner.jar'
[debug] [38;5;64m[ADB][0m Starting apksigner: 'C:\\Program Files\\Eclipse Adoptium\\jdk-17.0.8.101-hotspot\\bin\\java.exe' -Xmx1024M -Xss1m -jar C:\\Users\\cyrus\\AppData\\Local\\Android\\Sdk\\build-tools\\34.0.0\\lib\\apksigner.jar verify --print-certs C:\\Users\\cyrus\\webdriverio-appiumv8\\node_modules\\appium-uiautomator2-server\\apks\\appium-uiautomator2-server-debug-androidTest.apk
[debug] [38;5;64m[ADB][0m Starting apksigner: 'C:\\Program Files\\Eclipse Adoptium\\jdk-17.0.8.101-hotspot\\bin\\java.exe' -Xmx1024M -Xss1m -jar C:\\Users\\cyrus\\AppData\\Local\\Android\\Sdk\\build-tools\\34.0.0\\lib\\apksigner.jar verify --print-certs C:\\Users\\cyrus\\webdriverio-appiumv8\\node_modules\\appium-uiautomator2-server\\apks\\appium-uiautomator2-server-v5.12.5.apk
[debug] [38;5;64m[ADB][0m apksigner stdout: Signer #1 certificate DN: EMAILADDRESS=android@android.com, CN=Android, OU=Android, O=Android, L=Mountain View, ST=California, C=US
[debug] [38;5;64m[ADB][0m Signer #1 certificate SHA-256 digest: a40da80a59d170caa950cf15c18c454d47a39b26989d8b640ecd745ba71bf5dc
[debug] [38;5;64m[ADB][0m Signer #1 certificate SHA-1 digest: 61ed377e85d386a8dfee6b864bd85b0bfaa5af81
[debug] [38;5;64m[ADB][0m Signer #1 certificate MD5 digest: e89b158e4bcf988ebd09eb83f5378e87
[debug] [38;5;64m[ADB][0m 
[debug] [38;5;64m[ADB][0m sha256 hash did match for 'appium-uiautomator2-server-debug-androidTest.apk'
[38;5;64m[ADB][0m 'C:\Users\cyrus\webdriverio-appiumv8\node_modules\appium-uiautomator2-server\apks\appium-uiautomator2-server-debug-androidTest.apk' is signed with the default certificate
[debug] [38;5;64m[ADB][0m Getting install status for io.appium.uiautomator2.server.test
[debug] [38;5;64m[ADB][0m Running 'C:\Users\cyrus\AppData\Local\Android\Sdk\platform-tools\adb.exe -P 5037 -s emulator-5554 shell pm path io.appium.uiautomator2.server.test'
[debug] [38;5;64m[ADB][0m 'io.appium.uiautomator2.server.test' is installed
[debug] [38;5;64m[ADB][0m apksigner stdout: Signer #1 certificate DN: EMAILADDRESS=android@android.com, CN=Android, OU=Android, O=Android, L=Mountain View, ST=California, C=US
[debug] [38;5;64m[ADB][0m Signer #1 certificate SHA-256 digest: a40da80a59d170caa950cf15c18c454d47a39b26989d8b640ecd745ba71bf5dc
[debug] [38;5;64m[ADB][0m Signer #1 certificate SHA-1 digest: 61ed377e85d386a8dfee6b864bd85b0bfaa5af81
[debug] [38;5;64m[ADB][0m Signer #1 certificate MD5 digest: e89b158e4bcf988ebd09eb83f5378e87
[debug] [38;5;64m[ADB][0m 
[debug] [38;5;64m[ADB][0m sha256 hash did match for 'appium-uiautomator2-server-v5.12.5.apk'
[38;5;64m[ADB][0m 'C:\Users\cyrus\webdriverio-appiumv8\node_modules\appium-uiautomator2-server\apks\appium-uiautomator2-server-v5.12.5.apk' is signed with the default certificate
[debug] [38;5;64m[ADB][0m Getting package info for 'io.appium.uiautomator2.server'
[debug] [38;5;64m[ADB][0m Running 'C:\Users\cyrus\AppData\Local\Android\Sdk\platform-tools\adb.exe -P 5037 -s emulator-5554 shell dumpsys package io.appium.uiautomator2.server'
[debug] [38;5;64m[ADB][0m The version name of the installed 'io.appium.uiautomator2.server' is greater or equal to the application version name ('5.12.5' >= '5.12.5')
[debug] [38;5;48m[AndroidUiautomator2Driver@b1d2 (ac23a8f0)][0m Server packages status: [{"wasSigned":true,"installState":"sameVersionInstalled","appPath":"C:\\Users\\cyrus\\webdriverio-appiumv8\\node_modules\\appium-uiautomator2-server\\apks\\appium-uiautomator2-server-v5.12.5.apk","appId":"io.appium.uiautomator2.server"},{"wasSigned":true,"installState":"sameVersionInstalled","appPath":"C:\\Users\\cyrus\\webdriverio-appiumv8\\node_modules\\appium-uiautomator2-server\\apks\\appium-uiautomator2-server-debug-androidTest.apk","appId":"io.appium.uiautomator2.server.test"}]
[38;5;48m[AndroidUiautomator2Driver@b1d2 (ac23a8f0)][0m Server packages are not going to be (re)installed
[debug] [38;5;48m[AndroidUiautomator2Driver@b1d2 (ac23a8f0)][0m Waiting up to 30000ms for services to be available
[debug] [38;5;64m[ADB][0m Running 'C:\Users\cyrus\AppData\Local\Android\Sdk\platform-tools\adb.exe -P 5037 -s emulator-5554 shell pm list instrumentation'
[debug] [38;5;48m[AndroidUiautomator2Driver@b1d2 (ac23a8f0)][0m Instrumentation target 'io.appium.uiautomator2.server.test/androidx.test.runner.AndroidJUnitRunner' is available
[38;5;64m[ADB][0m Adding packages ["io.appium.settings","io.appium.uiautomator2.server","io.appium.uiautomator2.server.test"] to Doze whitelist
[debug] [38;5;64m[ADB][0m Got the following command chunks to execute: [["dumpsys","deviceidle","whitelist","+io.appium.settings",";","dumpsys","deviceidle","whitelist","+io.appium.uiautomator2.server",";","dumpsys","deviceidle","whitelist","+io.appium.uiautomator2.server.test",";"]]
[debug] [38;5;64m[ADB][0m Running 'C:\Users\cyrus\AppData\Local\Android\Sdk\platform-tools\adb.exe -P 5037 -s emulator-5554 shell dumpsys deviceidle whitelist +io.appium.settings ; dumpsys deviceidle whitelist +io.appium.uiautomator2.server ; dumpsys deviceidle whitelist +io.appium.uiautomator2.server.test ;'
[debug] [38;5;64m[ADB][0m Checking app cert for C://Users//cyrus//webdriverio-appiumv8//app//android//ColorNoteNotepad.apk
[debug] [38;5;64m[ADB][0m Starting apksigner: 'C:\\Program Files\\Eclipse Adoptium\\jdk-17.0.8.101-hotspot\\bin\\java.exe' -Xmx1024M -Xss1m -jar C:\\Users\\cyrus\\AppData\\Local\\Android\\Sdk\\build-tools\\34.0.0\\lib\\apksigner.jar verify --print-certs C\://Users//cyrus//webdriverio-appiumv8//app//android//ColorNoteNotepad.apk
[debug] [38;5;64m[ADB][0m apksigner stdout: Signer #1 certificate DN: CN=socialnmobile, OU=android, O=socialnmobile, L=Unknown, ST=Unknown, C=Unknown
[debug] [38;5;64m[ADB][0m Signer #1 certificate SHA-256 digest: 4e92275e4f7853f3df65171071f0b6841b063520ee93d9bb2db647baec695b98
[debug] [38;5;64m[ADB][0m Signer #1 certificate SHA-1 digest: f4d8a67bf40879df79cbf1dc8b2999df74ebbf76
[debug] [38;5;64m[ADB][0m Signer #1 certificate MD5 digest: 8190fa0dfb1457782dbbe689beef98b7
[debug] [38;5;64m[ADB][0m 
[38;5;64m[ADB][0m 'C://Users//cyrus//webdriverio-appiumv8//app//android//ColorNoteNotepad.apk' is signed with a non-default certificate
[debug] [38;5;64m[ADB][0m Getting package info for 'com.socialnmobile.dictapps.notepad.color.note'
[debug] [38;5;64m[ADB][0m Running 'C:\Users\cyrus\AppData\Local\Android\Sdk\platform-tools\adb.exe -P 5037 -s emulator-5554 shell dumpsys package com.socialnmobile.dictapps.notepad.color.note'
[debug] [38;5;64m[ADB][0m The version name of the installed 'com.socialnmobile.dictapps.notepad.color.note' is greater or equal to the application version name ('4.2.4' >= '4.2.4')
[debug] [38;5;64m[ADB][0m There is no need to install/upgrade 'C://Users//cyrus//webdriverio-appiumv8//app//android//ColorNoteNotepad.apk'
[38;5;80m[AndroidDriver][0m Performing fast reset on 'com.socialnmobile.dictapps.notepad.color.note'
[debug] [38;5;64m[ADB][0m Getting install status for com.socialnmobile.dictapps.notepad.color.note
[debug] [38;5;64m[ADB][0m Running 'C:\Users\cyrus\AppData\Local\Android\Sdk\platform-tools\adb.exe -P 5037 -s emulator-5554 shell pm path com.socialnmobile.dictapps.notepad.color.note'
[debug] [38;5;64m[ADB][0m 'com.socialnmobile.dictapps.notepad.color.note' is installed
[debug] [38;5;64m[ADB][0m Running 'C:\Users\cyrus\AppData\Local\Android\Sdk\platform-tools\adb.exe -P 5037 -s emulator-5554 shell am force-stop com.socialnmobile.dictapps.notepad.color.note'
[debug] [38;5;64m[ADB][0m Running 'C:\Users\cyrus\AppData\Local\Android\Sdk\platform-tools\adb.exe -P 5037 -s emulator-5554 shell pm clear com.socialnmobile.dictapps.notepad.color.note'
[debug] [38;5;64m[ADB][0m Running 'C:\Users\cyrus\AppData\Local\Android\Sdk\platform-tools\adb.exe -P 5037 -s emulator-5554 shell dumpsys package com.socialnmobile.dictapps.notepad.color.note'
[debug] [38;5;64m[ADB][0m Retrieving requested permissions
[debug] [38;5;64m[ADB][0m Retrieved 20 permissions from requested group
[debug] [38;5;64m[ADB][0m Retrieving granted permissions
[debug] [38;5;64m[ADB][0m Retrieved 7 permissions from install,runtime groups
[debug] [38;5;64m[ADB][0m Granting permissions ["android.permission.WRITE_EXTERNAL_STORAGE","android.permission.POST_NOTIFICATIONS","android.permission.READ_EXTERNAL_STORAGE","android.permission.READ_MEDIA_AUDIO","android.permission.READ_MEDIA_VIDEO","android.permission.READ_MEDIA_IMAGES"] to 'com.socialnmobile.dictapps.notepad.color.note'
[debug] [38;5;64m[ADB][0m Got the following command chunks to execute: [["pm","grant","com.socialnmobile.dictapps.notepad.color.note","android.permission.WRITE_EXTERNAL_STORAGE",";","pm","grant","com.socialnmobile.dictapps.notepad.color.note","android.permission.POST_NOTIFICATIONS",";","pm","grant","com.socialnmobile.dictapps.notepad.color.note","android.permission.READ_EXTERNAL_STORAGE",";","pm","grant","com.socialnmobile.dictapps.notepad.color.note","android.permission.READ_MEDIA_AUDIO",";","pm","grant","com.socialnmobile.dictapps.notepad.color.note","android.permission.READ_MEDIA_VIDEO",";","pm","grant","com.socialnmobile.dictapps.notepad.color.note","android.permission.READ_MEDIA_IMAGES",";"]]
[debug] [38;5;64m[ADB][0m Running 'C:\Users\cyrus\AppData\Local\Android\Sdk\platform-tools\adb.exe -P 5037 -s emulator-5554 shell pm grant com.socialnmobile.dictapps.notepad.color.note android.permission.WRITE_EXTERNAL_STORAGE ; pm grant com.socialnmobile.dictapps.notepad.color.note android.permission.POST_NOTIFICATIONS ; pm grant com.socialnmobile.dictapps.notepad.color.note android.permission.READ_EXTERNAL_STORAGE ; pm grant com.socialnmobile.dictapps.notepad.color.note android.permission.READ_MEDIA_AUDIO ; pm grant com.socialnmobile.dictapps.notepad.color.note android.permission.READ_MEDIA_VIDEO ; pm grant com.socialnmobile.dictapps.notepad.color.note android.permission.READ_MEDIA_IMAGES ;'
[debug] [38;5;80m[AndroidDriver][0m Performed fast reset on the installed 'com.socialnmobile.dictapps.notepad.color.note' application (stop and clear)
[debug] [38;5;48m[AndroidUiautomator2Driver@b1d2 (ac23a8f0)][0m Performing shallow cleanup of automation leftovers
[debug] [38;5;48m[AndroidUiautomator2Driver@b1d2 (ac23a8f0)][0m No obsolete sessions have been detected (socket hang up)
[debug] [38;5;64m[ADB][0m Running 'C:\Users\cyrus\AppData\Local\Android\Sdk\platform-tools\adb.exe -P 5037 -s emulator-5554 shell am force-stop io.appium.uiautomator2.server.test'
[38;5;48m[AndroidUiautomator2Driver@b1d2 (ac23a8f0)][0m Starting UIAutomator2 server 5.12.5
[38;5;48m[AndroidUiautomator2Driver@b1d2 (ac23a8f0)][0m Using UIAutomator2 server from 'C:\Users\cyrus\webdriverio-appiumv8\node_modules\appium-uiautomator2-server\apks\appium-uiautomator2-server-v5.12.5.apk' and test from 'C:\Users\cyrus\webdriverio-appiumv8\node_modules\appium-uiautomator2-server\apks\appium-uiautomator2-server-debug-androidTest.apk'
[38;5;48m[AndroidUiautomator2Driver@b1d2 (ac23a8f0)][0m Waiting up to 30000ms for UiAutomator2 to be online...
[debug] [38;5;64m[ADB][0m Creating ADB subprocess with args: ["-P","5037","-s","emulator-5554","shell","am","instrument","-w","-e","disableAnalytics",true,"io.appium.uiautomator2.server.test/androidx.test.runner.AndroidJUnitRunner"]
[debug] [38;5;48m[AndroidUiautomator2Driver@b1d2 (ac23a8f0)][0m Matched '/status' to command name 'getStatus'
[debug] [38;5;48m[AndroidUiautomator2Driver@b1d2 (ac23a8f0)][0m Proxying [GET /status] to [GET http://127.0.0.1:8200/status] with no body
[38;5;48m[AndroidUiautomator2Driver@b1d2 (ac23a8f0)][0m socket hang up
[debug] [38;5;48m[AndroidUiautomator2Driver@b1d2 (ac23a8f0)][0m Matched '/status' to command name 'getStatus'
[debug] [38;5;48m[AndroidUiautomator2Driver@b1d2 (ac23a8f0)][0m Proxying [GET /status] to [GET http://127.0.0.1:8200/status] with no body
[38;5;48m[AndroidUiautomator2Driver@b1d2 (ac23a8f0)][0m socket hang up
[debug] [38;5;112m[Instrumentation][0m io.appium.uiautomator2.server.test.AppiumUiAutomator2Server:
[debug] [38;5;48m[AndroidUiautomator2Driver@b1d2 (ac23a8f0)][0m Matched '/status' to command name 'getStatus'
[debug] [38;5;48m[AndroidUiautomator2Driver@b1d2 (ac23a8f0)][0m Proxying [GET /status] to [GET http://127.0.0.1:8200/status] with no body
[38;5;48m[AndroidUiautomator2Driver@b1d2 (ac23a8f0)][0m socket hang up
[debug] [38;5;48m[AndroidUiautomator2Driver@b1d2 (ac23a8f0)][0m Matched '/status' to command name 'getStatus'
[debug] [38;5;48m[AndroidUiautomator2Driver@b1d2 (ac23a8f0)][0m Proxying [GET /status] to [GET http://127.0.0.1:8200/status] with no body
[38;5;48m[AndroidUiautomator2Driver@b1d2 (ac23a8f0)][0m socket hang up
[debug] [38;5;48m[AndroidUiautomator2Driver@b1d2 (ac23a8f0)][0m Matched '/status' to command name 'getStatus'
[debug] [38;5;48m[AndroidUiautomator2Driver@b1d2 (ac23a8f0)][0m Proxying [GET /status] to [GET http://127.0.0.1:8200/status] with no body
[debug] [38;5;48m[AndroidUiautomator2Driver@b1d2 (ac23a8f0)][0m Got response with status 200: {"sessionId":"None","value":{"message":"UiAutomator2 Server is ready to accept commands","ready":true}}
[debug] [38;5;48m[AndroidUiautomator2Driver@b1d2 (ac23a8f0)][0m The initialization of the instrumentation process took 4193ms
[debug] [38;5;48m[AndroidUiautomator2Driver@b1d2 (ac23a8f0)][0m Matched '/session' to command name 'createSession'
[debug] [38;5;48m[AndroidUiautomator2Driver@b1d2 (ac23a8f0)][0m Proxying [POST /session] to [POST http://127.0.0.1:8200/session] with body: {"capabilities":{"firstMatch":[{"platform":"LINUX","webStorageEnabled":false,"takesScreenshot":true,"javascriptEnabled":true,"databaseEnabled":false,"networkConnectionEnabled":true,"locationContextEnabled":false,"warnings":{},"desired":{"platformName":"Android","deviceName":"Pixel 7 Pro","platformVersion":"13.0","automationName":"UIAutomator2","app":"C://Users//cyrus//webdriverio-appiumv8//app//android//ColorNoteNotepad.apk","autoGrantPermissions":true},"platformName":"Android","deviceName":"emulator-5554","platformVersion":"13.0","automationName":"UIAutomator2","app":"C://Users//cyrus//webdriverio-appiumv8//app//android//ColorNoteNotepad.apk","autoGrantPermissions":true,"deviceUDID":"emulator-5554","appPackage":"com.socialnmobile.dictapps.notepad.color.note"}],"alwaysMatch":{}}}
[debug] [38;5;48m[AndroidUiautomator2Driver@b1d2 (ac23a8f0)][0m Got response with status 200: {"sessionId":"48fc2f10-2849-4e1e-9634-d833b157579f","value":{"capabilities":{"firstMatch":[{"platform":"LINUX","webStorageEnabled":false,"takesScreenshot":true,"javascriptEnabled":true,"databaseEnabled":false,"networkConnectionEnabled":true,"locationContextEnabled":false,"warnings":{},"desired":{"platformName":"Android","deviceName":"Pixel 7 Pro","platformVersion":"13.0","automationName":"UIAutomator2","app":"C://Users//cyrus//webdriverio-appiumv8//app//android//ColorNoteNotepad.apk","autoGrantPermissions":true},"platformName":"Android","deviceName":"emulator-5554","platformVersion":"13.0","automationName":"UIAutomator2","app":"C://Users//cyrus//webdriverio-appiumv8//app//android//ColorNoteNotepad.apk","autoGrantPermissions":true,"deviceUDID":"emulator-5554","appPackage":"com.socialnmobile.dictapps.notepad.color.note"}],"alwaysMatch":{}},"sessionId":"48fc2f10-2849-4e1e-9634-d833b157579f"}}
[38;5;48m[AndroidUiautomator2Driver@b1d2 (ac23a8f0)][0m Determined the downstream protocol as 'W3C'
[debug] [38;5;48m[AndroidUiautomator2Driver@b1d2 (ac23a8f0)][0m Proxying [GET /appium/device/info] to [GET http://127.0.0.1:8200/session/48fc2f10-2849-4e1e-9634-d833b157579f/appium/device/info] with no body
[debug] [38;5;48m[AndroidUiautomator2Driver@b1d2 (ac23a8f0)][0m Got response with status 200: {"sessionId":"48fc2f10-2849-4e1e-9634-d833b157579f","value":{"androidId":"f17069425d521ca5","apiVersion":"33","bluetooth":{"state":"ON"},"brand":"google","carrierName":"T-Mobile","displayDensity":560,"locale":"en_US","manufacturer":"Google","model":"sdk_gphone64_x86_64","networks":[{"capabilities":{"SSID":null,"linkDownBandwidthKbps":4300,"linkUpstreamBandwidthKbps":1800,"networkCapabilities":"NET_CAPABILITY_MMS,NET_CAPABILITY_SUPL,NET_CAPABILITY_DUN,NET_CAPABILITY_FOTA,NET_CAPABILITY_IMS,NET_CAPABILITY_CBS,NET_CAPABILITY_INTERNET,NET_CAPABILITY_NOT_RESTRICTED,NET_CAPABILITY_TRUSTED,NET_CAPABILITY_NOT_VPN,NET_CAPABILITY_VALIDATED,NET_CAPABILITY_NOT_ROAMING,NET_CAPABILITY_NOT_CONGESTED,NET_CAPABILITY_NOT_SUSPENDED","signalStrength":-2147483648,"transportTypes":"TRANSPORT_CELLULAR"},"detailedState":"CONNECTED","extraInfo":"epc.tmobile.com","isAvailable":true,"isConnected":true,"isFailover":false,"isRoaming":false,"state":"CONNECTED","subtype":10,"subtypeName":"HSPA","type":0,"typeName":"MOBILE"},{"capabiliti...
[debug] [38;5;64m[ADB][0m Running 'C:\Users\cyrus\AppData\Local\Android\Sdk\platform-tools\adb.exe -P 5037 -s emulator-5554 shell dumpsys window'
[38;5;80m[AndroidDriver][0m Screen already unlocked, doing nothing
[38;5;48m[AndroidUiautomator2Driver@b1d2 (ac23a8f0)][0m Starting 'com.socialnmobile.dictapps.notepad.color.note/com.socialnmobile.colornote.activity.Main and waiting for 'com.socialnmobile.dictapps.notepad.color.note/com.socialnmobile.colornote.activity.Main'
[debug] [38;5;64m[ADB][0m Running 'C:\Users\cyrus\AppData\Local\Android\Sdk\platform-tools\adb.exe -P 5037 -s emulator-5554 shell am start -W -n com.socialnmobile.dictapps.notepad.color.note/com.socialnmobile.colornote.activity.Main -S -a android.intent.action.MAIN -c android.intent.category.LAUNCHER -f 0x10200000'
[debug] [38;5;64m[ADB][0m Waiting up to 20000ms for activity matching pkg: 'com.socialnmobile.dictapps.notepad.color.note' and activity: 'com.socialnmobile.colornote.activity.Main' to be focused
[debug] [38;5;64m[ADB][0m Possible activities, to be checked: 'com.socialnmobile.colornote.activity.Main', 'com.socialnmobile.dictapps.notepad.color.note.com.socialnmobile.colornote.activity.Main'
[debug] [38;5;64m[ADB][0m Getting focused package and activity
[debug] [38;5;64m[ADB][0m Running 'C:\Users\cyrus\AppData\Local\Android\Sdk\platform-tools\adb.exe -P 5037 -s emulator-5554 shell dumpsys window displays'
[debug] [38;5;64m[ADB][0m Found package: 'com.socialnmobile.dictapps.notepad.color.note' and fully qualified activity name : 'com.socialnmobile.colornote.activity.Main'
[debug] [38;5;48m[AndroidUiautomator2Driver@b1d2 (ac23a8f0)][0m Proxying [GET /appium/device/pixel_ratio] to [GET http://127.0.0.1:8200/session/48fc2f10-2849-4e1e-9634-d833b157579f/appium/device/pixel_ratio] with no body
[debug] [38;5;48m[AndroidUiautomator2Driver@b1d2 (ac23a8f0)][0m Got response with status 200: {"sessionId":"48fc2f10-2849-4e1e-9634-d833b157579f","value":3.5}
[debug] [38;5;48m[AndroidUiautomator2Driver@b1d2 (ac23a8f0)][0m Matched '/appium/device/system_bars' to command name 'getSystemBars'
[debug] [38;5;48m[AndroidUiautomator2Driver@b1d2 (ac23a8f0)][0m Proxying [GET /appium/device/system_bars] to [GET http://127.0.0.1:8200/session/48fc2f10-2849-4e1e-9634-d833b157579f/appium/device/system_bars] with no body
[debug] [38;5;48m[AndroidUiautomator2Driver@b1d2 (ac23a8f0)][0m Got response with status 200: {"sessionId":"48fc2f10-2849-4e1e-9634-d833b157579f","value":{"statusBar":84}}
[debug] [38;5;48m[AndroidUiautomator2Driver@b1d2 (ac23a8f0)][0m Matched '/window/current/size' to command name 'getWindowSize'
[debug] [38;5;48m[AndroidUiautomator2Driver@b1d2 (ac23a8f0)][0m Proxying [GET /window/current/size] to [GET http://127.0.0.1:8200/session/48fc2f10-2849-4e1e-9634-d833b157579f/window/current/size] with no body
[debug] [38;5;48m[AndroidUiautomator2Driver@b1d2 (ac23a8f0)][0m Got response with status 200: {"sessionId":"48fc2f10-2849-4e1e-9634-d833b157579f","value":{"height":2952,"width":1440}}
[38;5;16m[AppiumDriver@8434][0m New AndroidUiautomator2Driver session created successfully, session ac23a8f0-c238-4336-a08d-f5ef5539c1bb added to master session list
[debug] [38;5;16m[AppiumDriver@8434][0m Event 'newSessionStarted' logged at 1696644366983 (10:06:06 GMT+0800 (China Standard Time))
[debug] [38;5;48m[AndroidUiautomator2Driver@b1d2 (ac23a8f0)][0m Cached the protocol value 'W3C' for the new session ac23a8f0-c238-4336-a08d-f5ef5539c1bb
[debug] [38;5;48m[AndroidUiautomator2Driver@b1d2 (ac23a8f0)][0m Responding to client with driver.createSession() result: {"capabilities":{"platform":"LINUX","webStorageEnabled":false,"takesScreenshot":true,"javascriptEnabled":true,"databaseEnabled":false,"networkConnectionEnabled":true,"locationContextEnabled":false,"warnings":{},"desired":{"platformName":"Android","deviceName":"Pixel 7 Pro","platformVersion":"13.0","automationName":"UIAutomator2","app":"C://Users//cyrus//webdriverio-appiumv8//app//android//ColorNoteNotepad.apk","autoGrantPermissions":true},"platformName":"Android","deviceName":"emulator-5554","platformVersion":"13","automationName":"UIAutomator2","app":"C://Users//cyrus//webdriverio-appiumv8//app//android//ColorNoteNotepad.apk","autoGrantPermissions":true,"deviceUDID":"emulator-5554","appPackage":"com.socialnmobile.dictapps.notepad.color.note","deviceApiLevel":33,"deviceScreenSize":"1440x3120","deviceScreenDensity":560,"deviceModel":"sdk_gphone64_x86_64","deviceManufacturer":"Google","pixelRatio":3.5,"statBarHeight":84,"viewportRect":{"left":0,"top":84,"width":1440,"height":2868}}}
[38;5;0m[HTTP][0m [37m<-- POST /session [39m[32m200[39m [90m13130 ms - 1056[39m
[38;5;0m[HTTP][0m [90m[39m
[38;5;0m[HTTP][0m [37m-->[39m [37mPOST[39m [37m/session/ac23a8f0-c238-4336-a08d-f5ef5539c1bb/element[39m
[38;5;0m[HTTP][0m [90m{"using":"xpath","value":"//*[@resource-id=\"com.socialnmobile.dictapps.notepad.color.note:id/btn_start_skip\"]"}[39m
[debug] [38;5;48m[AndroidUiautomator2Driver@b1d2 (ac23a8f0)][0m Calling AppiumDriver.findElement() with args: ["xpath","//*[@resource-id=\"com.socialnmobile.dictapps.notepad.color.note:id/btn_start_skip\"]","ac23a8f0-c238-4336-a08d-f5ef5539c1bb"]
[debug] [38;5;48m[AndroidUiautomator2Driver@b1d2 (ac23a8f0)][0m Valid locator strategies for this request: xpath, id, class name, accessibility id, css selector, -android uiautomator
[debug] [38;5;48m[AndroidUiautomator2Driver@b1d2 (ac23a8f0)][0m Waiting up to 0 ms for condition
[debug] [38;5;48m[AndroidUiautomator2Driver@b1d2 (ac23a8f0)][0m Matched '/element' to command name 'findElement'
[debug] [38;5;48m[AndroidUiautomator2Driver@b1d2 (ac23a8f0)][0m Proxying [POST /element] to [POST http://127.0.0.1:8200/session/48fc2f10-2849-4e1e-9634-d833b157579f/element] with body: {"strategy":"xpath","selector":"//*[@resource-id=\"com.socialnmobile.dictapps.notepad.color.note:id/btn_start_skip\"]","context":"","multiple":false}
[debug] [38;5;48m[AndroidUiautomator2Driver@b1d2 (ac23a8f0)][0m Got response with status 200: {"sessionId":"48fc2f10-2849-4e1e-9634-d833b157579f","value":{"ELEMENT":"00000000-0000-0abe-ffff-ffff0000008f","element-6066-11e4-a52e-4f735466cecf":"00000000-0000-0abe-ffff-ffff0000008f"}}
[debug] [38;5;48m[AndroidUiautomator2Driver@b1d2 (ac23a8f0)][0m Responding to client with driver.findElement() result: {"element-6066-11e4-a52e-4f735466cecf":"00000000-0000-0abe-ffff-ffff0000008f","ELEMENT":"00000000-0000-0abe-ffff-ffff0000008f"}
[38;5;0m[HTTP][0m [37m<-- POST /session/ac23a8f0-c238-4336-a08d-f5ef5539c1bb/element [39m[32m200[39m [90m1796 ms - 137[39m
[38;5;0m[HTTP][0m [90m[39m
[38;5;0m[HTTP][0m [37m-->[39m [37mPOST[39m [37m/session/ac23a8f0-c238-4336-a08d-f5ef5539c1bb/element/00000000-0000-0abe-ffff-ffff0000008f/click[39m
[38;5;0m[HTTP][0m [90m{}[39m
[debug] [38;5;48m[AndroidUiautomator2Driver@b1d2 (ac23a8f0)][0m Calling AppiumDriver.click() with args: ["00000000-0000-0abe-ffff-ffff0000008f","ac23a8f0-c238-4336-a08d-f5ef5539c1bb"]
[debug] [38;5;48m[AndroidUiautomator2Driver@b1d2 (ac23a8f0)][0m Matched '/element/00000000-0000-0abe-ffff-ffff0000008f/click' to command name 'click'
[debug] [38;5;48m[AndroidUiautomator2Driver@b1d2 (ac23a8f0)][0m Proxying [POST /element/00000000-0000-0abe-ffff-ffff0000008f/click] to [POST http://127.0.0.1:8200/session/48fc2f10-2849-4e1e-9634-d833b157579f/element/00000000-0000-0abe-ffff-ffff0000008f/click] with body: {"element":"00000000-0000-0abe-ffff-ffff0000008f"}
[debug] [38;5;48m[AndroidUiautomator2Driver@b1d2 (ac23a8f0)][0m Got response with status 200: {"sessionId":"48fc2f10-2849-4e1e-9634-d833b157579f","value":null}
[debug] [38;5;48m[AndroidUiautomator2Driver@b1d2 (ac23a8f0)][0m Responding to client with driver.click() result: null
[38;5;0m[HTTP][0m [37m<-- POST /session/ac23a8f0-c238-4336-a08d-f5ef5539c1bb/element/00000000-0000-0abe-ffff-ffff0000008f/click [39m[32m200[39m [90m97 ms - 14[39m
[38;5;0m[HTTP][0m [90m[39m
[38;5;0m[HTTP][0m [37m-->[39m [37mPOST[39m [37m/session/ac23a8f0-c238-4336-a08d-f5ef5539c1bb/element[39m
[38;5;0m[HTTP][0m [90m{"using":"xpath","value":"//*[@text=\"Add note\"]"}[39m
[debug] [38;5;48m[AndroidUiautomator2Driver@b1d2 (ac23a8f0)][0m Calling AppiumDriver.findElement() with args: ["xpath","//*[@text=\"Add note\"]","ac23a8f0-c238-4336-a08d-f5ef5539c1bb"]
[debug] [38;5;48m[AndroidUiautomator2Driver@b1d2 (ac23a8f0)][0m Valid locator strategies for this request: xpath, id, class name, accessibility id, css selector, -android uiautomator
[debug] [38;5;48m[AndroidUiautomator2Driver@b1d2 (ac23a8f0)][0m Waiting up to 0 ms for condition
[debug] [38;5;48m[AndroidUiautomator2Driver@b1d2 (ac23a8f0)][0m Matched '/element' to command name 'findElement'
[debug] [38;5;48m[AndroidUiautomator2Driver@b1d2 (ac23a8f0)][0m Proxying [POST /element] to [POST http://127.0.0.1:8200/session/48fc2f10-2849-4e1e-9634-d833b157579f/element] with body: {"strategy":"xpath","selector":"//*[@text=\"Add note\"]","context":"","multiple":false}
[38;5;48m[AndroidUiautomator2Driver@b1d2 (ac23a8f0)][0m Got response with status 404: {"sessionId":"48fc2f10-2849-4e1e-9634-d833b157579f","value":{"error":"no such element","message":"An element could not be located on the page using the given search parameters","stacktrace":"io.appium.uiautomator2.common.exceptions.ElementNotFoundException: An element could not be located on the page using the given search parameters\n\tat io.appium.uiautomator2.utils.ElementLocationHelpers.findElement(ElementLocationHelpers.java:156)\n\tat io.appium.uiautomator2.handler.FindElement.safeHandle(FindElement.java:60)\n\tat io.appium.uiautomator2.handler.request.SafeRequestHandler.handle(SafeRequestHandler.java:59)\n\tat io.appium.uiautomator2.server.AppiumServlet.handleRequest(AppiumServlet.java:277)\n\tat io.appium.uiautomator2.server.AppiumServlet.handleHttpRequest(AppiumServlet.java:271)\n\tat io.appium.uiautomator2.http.ServerHandler.channelRead(ServerHandler.java:77)\n\tat io.netty.channel.AbstractChannelHandlerContext.invokeChannelRead(AbstractChannelHandlerContext.java:366)\n\tat io.netty.channel.Abstr...
[debug] [38;5;128m[W3C][0m Matched W3C error code 'no such element' to NoSuchElementError
[debug] [38;5;48m[AndroidUiautomator2Driver@b1d2 (ac23a8f0)][0m Encountered internal error running command: NoSuchElementError: An element could not be located on the page using the given search parameters.
[debug] [38;5;48m[AndroidUiautomator2Driver@b1d2 (ac23a8f0)][0m     at AndroidUiautomator2Driver.findElOrEls (C:\Users\cyrus\webdriverio-appiumv8\node_modules\appium-android-driver\lib\commands\find.js:75:11)
[debug] [38;5;48m[AndroidUiautomator2Driver@b1d2 (ac23a8f0)][0m     at processTicksAndRejections (node:internal/process/task_queues:95:5)
[debug] [38;5;48m[AndroidUiautomator2Driver@b1d2 (ac23a8f0)][0m     at AndroidUiautomator2Driver.findElOrElsWithProcessing (C:\Users\cyrus\webdriverio-appiumv8\node_modules\@appium\base-driver\lib\basedriver\commands\find.ts:60:12)
[debug] [38;5;48m[AndroidUiautomator2Driver@b1d2 (ac23a8f0)][0m     at AndroidUiautomator2Driver.findElement (C:\Users\cyrus\webdriverio-appiumv8\node_modules\@appium\base-driver\lib\basedriver\commands\find.ts:75:12)
[38;5;0m[HTTP][0m [37m<-- POST /session/ac23a8f0-c238-4336-a08d-f5ef5539c1bb/element [39m[33m404[39m [90m282 ms - 815[39m
[38;5;0m[HTTP][0m [90m[39m
[38;5;0m[HTTP][0m [37m-->[39m [37mPOST[39m [37m/session/ac23a8f0-c238-4336-a08d-f5ef5539c1bb/element[39m
[38;5;0m[HTTP][0m [90m{"using":"xpath","value":"//*[@text=\"Add note\"]"}[39m
[debug] [38;5;48m[AndroidUiautomator2Driver@b1d2 (ac23a8f0)][0m Calling AppiumDriver.findElement() with args: ["xpath","//*[@text=\"Add note\"]","ac23a8f0-c238-4336-a08d-f5ef5539c1bb"]
[debug] [38;5;48m[AndroidUiautomator2Driver@b1d2 (ac23a8f0)][0m Valid locator strategies for this request: xpath, id, class name, accessibility id, css selector, -android uiautomator
[debug] [38;5;48m[AndroidUiautomator2Driver@b1d2 (ac23a8f0)][0m Waiting up to 0 ms for condition
[debug] [38;5;48m[AndroidUiautomator2Driver@b1d2 (ac23a8f0)][0m Matched '/element' to command name 'findElement'
[debug] [38;5;48m[AndroidUiautomator2Driver@b1d2 (ac23a8f0)][0m Proxying [POST /element] to [POST http://127.0.0.1:8200/session/48fc2f10-2849-4e1e-9634-d833b157579f/element] with body: {"strategy":"xpath","selector":"//*[@text=\"Add note\"]","context":"","multiple":false}
[debug] [38;5;48m[AndroidUiautomator2Driver@b1d2 (ac23a8f0)][0m Got response with status 200: {"sessionId":"48fc2f10-2849-4e1e-9634-d833b157579f","value":{"ELEMENT":"00000000-0000-0abd-ffff-ffff0000005b","element-6066-11e4-a52e-4f735466cecf":"00000000-0000-0abd-ffff-ffff0000005b"}}
[debug] [38;5;48m[AndroidUiautomator2Driver@b1d2 (ac23a8f0)][0m Responding to client with driver.findElement() result: {"element-6066-11e4-a52e-4f735466cecf":"00000000-0000-0abd-ffff-ffff0000005b","ELEMENT":"00000000-0000-0abd-ffff-ffff0000005b"}
[38;5;0m[HTTP][0m [37m<-- POST /session/ac23a8f0-c238-4336-a08d-f5ef5539c1bb/element [39m[32m200[39m [90m841 ms - 137[39m
[38;5;0m[HTTP][0m [90m[39m
[38;5;0m[HTTP][0m [37m-->[39m [37mGET[39m [37m/session/ac23a8f0-c238-4336-a08d-f5ef5539c1bb/element/00000000-0000-0abd-ffff-ffff0000005b/displayed[39m
[38;5;0m[HTTP][0m [90m{}[39m
[debug] [38;5;48m[AndroidUiautomator2Driver@b1d2 (ac23a8f0)][0m Calling AppiumDriver.elementDisplayed() with args: ["00000000-0000-0abd-ffff-ffff0000005b","ac23a8f0-c238-4336-a08d-f5ef5539c1bb"]
[debug] [38;5;48m[AndroidUiautomator2Driver@b1d2 (ac23a8f0)][0m Matched '/element/00000000-0000-0abd-ffff-ffff0000005b/attribute/displayed' to command name 'getAttribute'
[debug] [38;5;48m[AndroidUiautomator2Driver@b1d2 (ac23a8f0)][0m Proxying [GET /element/00000000-0000-0abd-ffff-ffff0000005b/attribute/displayed] to [GET http://127.0.0.1:8200/session/48fc2f10-2849-4e1e-9634-d833b157579f/element/00000000-0000-0abd-ffff-ffff0000005b/attribute/displayed] with no body
[debug] [38;5;48m[AndroidUiautomator2Driver@b1d2 (ac23a8f0)][0m Got response with status 200: {"sessionId":"48fc2f10-2849-4e1e-9634-d833b157579f","value":"true"}
[debug] [38;5;48m[AndroidUiautomator2Driver@b1d2 (ac23a8f0)][0m Responding to client with driver.elementDisplayed() result: true
[38;5;0m[HTTP][0m [37m<-- GET /session/ac23a8f0-c238-4336-a08d-f5ef5539c1bb/element/00000000-0000-0abd-ffff-ffff0000005b/displayed [39m[32m200[39m [90m18 ms - 14[39m
[38;5;0m[HTTP][0m [90m[39m
[38;5;0m[HTTP][0m [37m-->[39m [37mPOST[39m [37m/session/ac23a8f0-c238-4336-a08d-f5ef5539c1bb/element[39m
[38;5;0m[HTTP][0m [90m{"using":"xpath","value":"//*[@resource-id=\"com.socialnmobile.dictapps.notepad.color.note:id/icon_nav\"]"}[39m
[debug] [38;5;48m[AndroidUiautomator2Driver@b1d2 (ac23a8f0)][0m Calling AppiumDriver.findElement() with args: ["xpath","//*[@resource-id=\"com.socialnmobile.dictapps.notepad.color.note:id/icon_nav\"]","ac23a8f0-c238-4336-a08d-f5ef5539c1bb"]
[debug] [38;5;48m[AndroidUiautomator2Driver@b1d2 (ac23a8f0)][0m Valid locator strategies for this request: xpath, id, class name, accessibility id, css selector, -android uiautomator
[debug] [38;5;48m[AndroidUiautomator2Driver@b1d2 (ac23a8f0)][0m Waiting up to 0 ms for condition
[debug] [38;5;48m[AndroidUiautomator2Driver@b1d2 (ac23a8f0)][0m Matched '/element' to command name 'findElement'
[debug] [38;5;48m[AndroidUiautomator2Driver@b1d2 (ac23a8f0)][0m Proxying [POST /element] to [POST http://127.0.0.1:8200/session/48fc2f10-2849-4e1e-9634-d833b157579f/element] with body: {"strategy":"xpath","selector":"//*[@resource-id=\"com.socialnmobile.dictapps.notepad.color.note:id/icon_nav\"]","context":"","multiple":false}
[debug] [38;5;48m[AndroidUiautomator2Driver@b1d2 (ac23a8f0)][0m Got response with status 200: {"sessionId":"48fc2f10-2849-4e1e-9634-d833b157579f","value":{"ELEMENT":"00000000-0000-0abd-ffff-ffff00000011","element-6066-11e4-a52e-4f735466cecf":"00000000-0000-0abd-ffff-ffff00000011"}}
[debug] [38;5;48m[AndroidUiautomator2Driver@b1d2 (ac23a8f0)][0m Responding to client with driver.findElement() result: {"element-6066-11e4-a52e-4f735466cecf":"00000000-0000-0abd-ffff-ffff00000011","ELEMENT":"00000000-0000-0abd-ffff-ffff00000011"}
[38;5;0m[HTTP][0m [37m<-- POST /session/ac23a8f0-c238-4336-a08d-f5ef5539c1bb/element [39m[32m200[39m [90m108 ms - 137[39m
[38;5;0m[HTTP][0m [90m[39m
[38;5;0m[HTTP][0m [37m-->[39m [37mPOST[39m [37m/session/ac23a8f0-c238-4336-a08d-f5ef5539c1bb/element/00000000-0000-0abd-ffff-ffff00000011/click[39m
[38;5;0m[HTTP][0m [90m{}[39m
[debug] [38;5;48m[AndroidUiautomator2Driver@b1d2 (ac23a8f0)][0m Calling AppiumDriver.click() with args: ["00000000-0000-0abd-ffff-ffff00000011","ac23a8f0-c238-4336-a08d-f5ef5539c1bb"]
[debug] [38;5;48m[AndroidUiautomator2Driver@b1d2 (ac23a8f0)][0m Matched '/element/00000000-0000-0abd-ffff-ffff00000011/click' to command name 'click'
[debug] [38;5;48m[AndroidUiautomator2Driver@b1d2 (ac23a8f0)][0m Proxying [POST /element/00000000-0000-0abd-ffff-ffff00000011/click] to [POST http://127.0.0.1:8200/session/48fc2f10-2849-4e1e-9634-d833b157579f/element/00000000-0000-0abd-ffff-ffff00000011/click] with body: {"element":"00000000-0000-0abd-ffff-ffff00000011"}
[debug] [38;5;48m[AndroidUiautomator2Driver@b1d2 (ac23a8f0)][0m Got response with status 200: {"sessionId":"48fc2f10-2849-4e1e-9634-d833b157579f","value":null}
[debug] [38;5;48m[AndroidUiautomator2Driver@b1d2 (ac23a8f0)][0m Responding to client with driver.click() result: null
[38;5;0m[HTTP][0m [37m<-- POST /session/ac23a8f0-c238-4336-a08d-f5ef5539c1bb/element/00000000-0000-0abd-ffff-ffff00000011/click [39m[32m200[39m [90m67 ms - 14[39m
[38;5;0m[HTTP][0m [90m[39m
[38;5;0m[HTTP][0m [37m-->[39m [37mPOST[39m [37m/session/ac23a8f0-c238-4336-a08d-f5ef5539c1bb/element[39m
[38;5;0m[HTTP][0m [90m{"using":"xpath","value":"//*[@text=\"Like us on Facebook\"]"}[39m
[debug] [38;5;48m[AndroidUiautomator2Driver@b1d2 (ac23a8f0)][0m Calling AppiumDriver.findElement() with args: ["xpath","//*[@text=\"Like us on Facebook\"]","ac23a8f0-c238-4336-a08d-f5ef5539c1bb"]
[debug] [38;5;48m[AndroidUiautomator2Driver@b1d2 (ac23a8f0)][0m Valid locator strategies for this request: xpath, id, class name, accessibility id, css selector, -android uiautomator
[debug] [38;5;48m[AndroidUiautomator2Driver@b1d2 (ac23a8f0)][0m Waiting up to 0 ms for condition
[debug] [38;5;48m[AndroidUiautomator2Driver@b1d2 (ac23a8f0)][0m Matched '/element' to command name 'findElement'
[debug] [38;5;48m[AndroidUiautomator2Driver@b1d2 (ac23a8f0)][0m Proxying [POST /element] to [POST http://127.0.0.1:8200/session/48fc2f10-2849-4e1e-9634-d833b157579f/element] with body: {"strategy":"xpath","selector":"//*[@text=\"Like us on Facebook\"]","context":"","multiple":false}
[debug] [38;5;48m[AndroidUiautomator2Driver@b1d2 (ac23a8f0)][0m Got response with status 200: {"sessionId":"48fc2f10-2849-4e1e-9634-d833b157579f","value":{"ELEMENT":"00000000-0000-0abd-ffff-ffff00000085","element-6066-11e4-a52e-4f735466cecf":"00000000-0000-0abd-ffff-ffff00000085"}}
[debug] [38;5;48m[AndroidUiautomator2Driver@b1d2 (ac23a8f0)][0m Responding to client with driver.findElement() result: {"element-6066-11e4-a52e-4f735466cecf":"00000000-0000-0abd-ffff-ffff00000085","ELEMENT":"00000000-0000-0abd-ffff-ffff00000085"}
[38;5;0m[HTTP][0m [37m<-- POST /session/ac23a8f0-c238-4336-a08d-f5ef5539c1bb/element [39m[32m200[39m [90m600 ms - 137[39m
[38;5;0m[HTTP][0m [90m[39m
[38;5;0m[HTTP][0m [37m-->[39m [37mPOST[39m [37m/session/ac23a8f0-c238-4336-a08d-f5ef5539c1bb/element/00000000-0000-0abd-ffff-ffff00000085/click[39m
[38;5;0m[HTTP][0m [90m{}[39m
[debug] [38;5;48m[AndroidUiautomator2Driver@b1d2 (ac23a8f0)][0m Calling AppiumDriver.click() with args: ["00000000-0000-0abd-ffff-ffff00000085","ac23a8f0-c238-4336-a08d-f5ef5539c1bb"]
[debug] [38;5;48m[AndroidUiautomator2Driver@b1d2 (ac23a8f0)][0m Matched '/element/00000000-0000-0abd-ffff-ffff00000085/click' to command name 'click'
[debug] [38;5;48m[AndroidUiautomator2Driver@b1d2 (ac23a8f0)][0m Proxying [POST /element/00000000-0000-0abd-ffff-ffff00000085/click] to [POST http://127.0.0.1:8200/session/48fc2f10-2849-4e1e-9634-d833b157579f/element/00000000-0000-0abd-ffff-ffff00000085/click] with body: {"element":"00000000-0000-0abd-ffff-ffff00000085"}
[debug] [38;5;48m[AndroidUiautomator2Driver@b1d2 (ac23a8f0)][0m Got response with status 200: {"sessionId":"48fc2f10-2849-4e1e-9634-d833b157579f","value":null}
[debug] [38;5;48m[AndroidUiautomator2Driver@b1d2 (ac23a8f0)][0m Responding to client with driver.click() result: null
[38;5;0m[HTTP][0m [37m<-- POST /session/ac23a8f0-c238-4336-a08d-f5ef5539c1bb/element/00000000-0000-0abd-ffff-ffff00000085/click [39m[32m200[39m [90m1050 ms - 14[39m
[38;5;0m[HTTP][0m [90m[39m
[38;5;0m[HTTP][0m [37m-->[39m [37mGET[39m [37m/session/ac23a8f0-c238-4336-a08d-f5ef5539c1bb/context[39m
[38;5;0m[HTTP][0m [90m{}[39m
[debug] [38;5;48m[AndroidUiautomator2Driver@b1d2 (ac23a8f0)][0m Calling AppiumDriver.getCurrentContext() with args: ["ac23a8f0-c238-4336-a08d-f5ef5539c1bb"]
[debug] [38;5;48m[AndroidUiautomator2Driver@b1d2 (ac23a8f0)][0m Responding to client with driver.getCurrentContext() result: "NATIVE_APP"
[38;5;0m[HTTP][0m [37m<-- GET /session/ac23a8f0-c238-4336-a08d-f5ef5539c1bb/context [39m[32m200[39m [90m6 ms - 22[39m
[38;5;0m[HTTP][0m [90m[39m
[38;5;0m[HTTP][0m [37m-->[39m [37mGET[39m [37m/session/ac23a8f0-c238-4336-a08d-f5ef5539c1bb/contexts[39m
[38;5;0m[HTTP][0m [90m{}[39m
[debug] [38;5;48m[AndroidUiautomator2Driver@b1d2 (ac23a8f0)][0m Calling AppiumDriver.getContexts() with args: ["ac23a8f0-c238-4336-a08d-f5ef5539c1bb"]
[debug] [38;5;80m[AndroidDriver][0m Getting a list of available webviews
[debug] [38;5;64m[ADB][0m Running 'C:\Users\cyrus\AppData\Local\Android\Sdk\platform-tools\adb.exe -P 5037 -s emulator-5554 shell cat /proc/net/unix'
[debug] [38;5;80m[AndroidDriver][0m Parsed 1 active devtools socket: ["@chrome_devtools_remote"]
[debug] [38;5;80m[AndroidDriver][0m Collecting CDP data of 1 webview
[debug] [38;5;80m[AndroidDriver][0m Forwarding remote port chrome_devtools_remote to a local port in range 10900..11000
[debug] [38;5;80m[AndroidDriver][0m You could use the 'webviewDevtoolsPort' capability to customize the starting port number
[debug] [38;5;64m[ADB][0m Running 'C:\Users\cyrus\AppData\Local\Android\Sdk\platform-tools\adb.exe -P 5037 -s emulator-5554 forward tcp:10900 localabstract:chrome_devtools_remote'
[debug] [38;5;64m[ADB][0m Removing forwarded port socket connection: 10900 
[debug] [38;5;64m[ADB][0m Running 'C:\Users\cyrus\AppData\Local\Android\Sdk\platform-tools\adb.exe -P 5037 -s emulator-5554 forward --remove tcp:10900'
[debug] [38;5;80m[AndroidDriver][0m CDP data collection completed
[debug] [38;5;80m[AndroidDriver][0m Found 1 webview: ["WEBVIEW_chrome"]
[debug] [38;5;48m[AndroidUiautomator2Driver@b1d2 (ac23a8f0)][0m Available contexts: ["NATIVE_APP","WEBVIEW_chrome"]
[debug] [38;5;48m[AndroidUiautomator2Driver@b1d2 (ac23a8f0)][0m Responding to client with driver.getContexts() result: ["NATIVE_APP","WEBVIEW_chrome"]
[38;5;0m[HTTP][0m [37m<-- GET /session/ac23a8f0-c238-4336-a08d-f5ef5539c1bb/contexts [39m[32m200[39m [90m296 ms - 41[39m
[38;5;0m[HTTP][0m [90m[39m
[38;5;0m[HTTP][0m [37m-->[39m [37mPOST[39m [37m/session/ac23a8f0-c238-4336-a08d-f5ef5539c1bb/context[39m
[38;5;0m[HTTP][0m [90m{"name":"WEBVIEW_chrome"}[39m
[debug] [38;5;48m[AndroidUiautomator2Driver@b1d2 (ac23a8f0)][0m Calling AppiumDriver.setContext() with args: ["WEBVIEW_chrome","ac23a8f0-c238-4336-a08d-f5ef5539c1bb"]
[debug] [38;5;80m[AndroidDriver][0m Getting a list of available webviews
[debug] [38;5;64m[ADB][0m Running 'C:\Users\cyrus\AppData\Local\Android\Sdk\platform-tools\adb.exe -P 5037 -s emulator-5554 shell cat /proc/net/unix'
[debug] [38;5;80m[AndroidDriver][0m Parsed 1 active devtools socket: ["@chrome_devtools_remote"]
[debug] [38;5;80m[AndroidDriver][0m Collecting CDP data of 1 webview
[debug] [38;5;80m[AndroidDriver][0m Forwarding remote port chrome_devtools_remote to a local port in range 10900..11000
[debug] [38;5;80m[AndroidDriver][0m You could use the 'webviewDevtoolsPort' capability to customize the starting port number
[debug] [38;5;64m[ADB][0m Running 'C:\Users\cyrus\AppData\Local\Android\Sdk\platform-tools\adb.exe -P 5037 -s emulator-5554 forward tcp:10900 localabstract:chrome_devtools_remote'
[debug] [38;5;64m[ADB][0m Removing forwarded port socket connection: 10900 
[debug] [38;5;64m[ADB][0m Running 'C:\Users\cyrus\AppData\Local\Android\Sdk\platform-tools\adb.exe -P 5037 -s emulator-5554 forward --remove tcp:10900'
[debug] [38;5;80m[AndroidDriver][0m CDP data collection completed
[debug] [38;5;80m[AndroidDriver][0m Found 1 webview: ["WEBVIEW_chrome"]
[debug] [38;5;48m[AndroidUiautomator2Driver@b1d2 (ac23a8f0)][0m Available contexts: ["NATIVE_APP","WEBVIEW_chrome"]
[debug] [38;5;48m[AndroidUiautomator2Driver@b1d2 (ac23a8f0)][0m Connecting to chrome-backed webview context 'WEBVIEW_chrome'
[debug] [38;5;48m[AndroidUiautomator2Driver@b1d2 (ac23a8f0)][0m Identified chromeAndroidPackage as 'com.android.chrome' for context 'WEBVIEW_chrome' by CDP
[debug] [38;5;48m[AndroidUiautomator2Driver@b1d2 (ac23a8f0)][0m A port was not given, using random free port: 8000
[debug] [38;5;48m[AndroidUiautomator2Driver@b1d2 (ac23a8f0)][0m Passing web view details to the Chromedriver constructor: {
[debug] [38;5;48m[AndroidUiautomator2Driver@b1d2 (ac23a8f0)][0m   "info": {
[debug] [38;5;48m[AndroidUiautomator2Driver@b1d2 (ac23a8f0)][0m     "Android-Package": "com.android.chrome",
[debug] [38;5;48m[AndroidUiautomator2Driver@b1d2 (ac23a8f0)][0m     "Browser": "Chrome/103.0.5060.71",
[debug] [38;5;48m[AndroidUiautomator2Driver@b1d2 (ac23a8f0)][0m     "Protocol-Version": "1.3",
[debug] [38;5;48m[AndroidUiautomator2Driver@b1d2 (ac23a8f0)][0m     "User-Agent": "Mozilla/5.0 (Linux; Android 13; sdk_gphone64_x86_64) AppleWebKit/537.36 (KHTML, like Gecko) Chrome/103.0.0.0 Mobile Safari/537.36",
[debug] [38;5;48m[AndroidUiautomator2Driver@b1d2 (ac23a8f0)][0m     "V8-Version": "10.3.174.18",
[debug] [38;5;48m[AndroidUiautomator2Driver@b1d2 (ac23a8f0)][0m     "WebKit-Version": "537.36 (@7bc4a898d4098652a6425071c780f10ed0441755)",
[debug] [38;5;48m[AndroidUiautomator2Driver@b1d2 (ac23a8f0)][0m     "webSocketDebuggerUrl": "ws://127.0.0.1:10900/devtools/browser"
[debug] [38;5;48m[AndroidUiautomator2Driver@b1d2 (ac23a8f0)][0m   },
[debug] [38;5;48m[AndroidUiautomator2Driver@b1d2 (ac23a8f0)][0m   "process": {
[debug] [38;5;48m[AndroidUiautomator2Driver@b1d2 (ac23a8f0)][0m     "name": "chrome",
[debug] [38;5;48m[AndroidUiautomator2Driver@b1d2 (ac23a8f0)][0m     "id": null
[debug] [38;5;48m[AndroidUiautomator2Driver@b1d2 (ac23a8f0)][0m   }
[debug] [38;5;48m[AndroidUiautomator2Driver@b1d2 (ac23a8f0)][0m }
[debug] [38;5;80m[AndroidDriver][0m Precalculated Chromedriver capabilities: {
[debug] [38;5;80m[AndroidDriver][0m   "androidPackage": "com.android.chrome",
[debug] [38;5;80m[AndroidDriver][0m   "androidUseRunningApp": true,
[debug] [38;5;80m[AndroidDriver][0m   "androidDeviceSerial": "emulator-5554"
[debug] [38;5;80m[AndroidDriver][0m }
[debug] [38;5;48m[AndroidUiautomator2Driver@b1d2 (ac23a8f0)][0m Before starting chromedriver, androidPackage is 'com.android.chrome'
[debug] [38;5;144m[Chromedriver@e72e][0m Changed state to 'starting'
[debug] [38;5;144m[Chromedriver@e72e][0m Using the static Chromedriver->Chrome mapping
[debug] [38;5;144m[Chromedriver@e72e][0m The most recent known Chrome version: 117.0.5938
[debug] [38;5;144m[Chromedriver@e72e][0m Found 2 executables in 'C:\Users\cyrus\webdriverio-appiumv8\node_modules\appium-chromedriver\chromedriver\win'
[debug] [38;5;144m[Chromedriver@e72e][0m The following Chromedriver executables were found:
[debug] [38;5;144m[Chromedriver@e72e][0m     'C:\Users\cyrus\webdriverio-appiumv8\node_modules\appium-chromedriver\chromedriver\win\chromedriver-win64_v117.0.5938.88.exe' (version '117.0.5938.88', minimum Chrome version '117.0.5938')
[debug] [38;5;144m[Chromedriver@e72e][0m     'C:\Users\cyrus\webdriverio-appiumv8\node_modules\appium-chromedriver\chromedriver\win\chromedriver_win32_v103.0.5060.134.exe' (version '103.0.5060.134', minimum Chrome version '103.0.5060')
[debug] [38;5;144m[Chromedriver@e72e][0m Browser version in the supplied details: Chrome/103.0.5060.71
[debug] [38;5;144m[Chromedriver@e72e][0m Found Chrome bundle 'undefined' version '103.0.5060'
[debug] [38;5;144m[Chromedriver@e72e][0m Found 1 executable capable of automating Chrome '103.0.5060'.
[debug] [38;5;144m[Chromedriver@e72e][0m Choosing the most recent, 'C:\Users\cyrus\webdriverio-appiumv8\node_modules\appium-chromedriver\chromedriver\win\chromedriver_win32_v103.0.5060.134.exe'.
[debug] [38;5;144m[Chromedriver@e72e][0m If a specific version is required, specify it with the `chromedriverExecutable`desired capability.
[38;5;144m[Chromedriver@e72e][0m Set chromedriver binary as: C:\Users\cyrus\webdriverio-appiumv8\node_modules\appium-chromedriver\chromedriver\win\chromedriver_win32_v103.0.5060.134.exe
[debug] [38;5;144m[Chromedriver@e72e][0m Killing any old chromedrivers, running: wmic process where "commandline like '%chromedriver.exe%--port=8000%'" delete
[debug] [38;5;144m[Chromedriver@e72e][0m Successfully cleaned up old chromedrivers
[debug] [38;5;144m[Chromedriver@e72e][0m Cleaning this device's adb forwarded port socket connections: emulator-5554
[debug] [38;5;64m[ADB][0m List forwarding ports
[debug] [38;5;64m[ADB][0m Running 'C:\Users\cyrus\AppData\Local\Android\Sdk\platform-tools\adb.exe -P 5037 -s emulator-5554 forward --list'
[38;5;144m[Chromedriver@e72e][0m Spawning chromedriver with: C:\Users\cyrus\webdriverio-appiumv8\node_modules\appium-chromedriver\chromedriver\win\chromedriver_win32_v103.0.5060.134.exe --port=8000 --adb-port=5037 --verbose
[debug] [38;5;144m[Chromedriver@e72e][0m ChromeDriver version: '103.0.5060.134'
[debug] [38;5;144m[Chromedriver@e72e][0m Matched '/status' to command name 'getStatus'
[debug] [38;5;144m[Chromedriver@e72e][0m Proxying [GET /status] to [GET http://127.0.0.1:8000/status] with no body
[38;5;144m[Chromedriver@e72e][0m connect ECONNREFUSED 127.0.0.1:8000
[debug] [38;5;144m[Chromedriver@e72e][0m Matched '/status' to command name 'getStatus'
[debug] [38;5;144m[Chromedriver@e72e][0m Proxying [GET /status] to [GET http://127.0.0.1:8000/status] with no body
[debug] [38;5;144m[Chromedriver@e72e][0m Got response with status 200: {"value":{"build":{"version":"103.0.5060.134 (8ec6fce403b3feb0869b0732eda8bd95011d333c-refs/branch-heads/5060@{#1262})"},"message":"ChromeDriver ready for new sessions.","os":{"arch":"x86_64","name":"Windows NT","version":"10.0.17134"},"ready":true}}
[38;5;144m[Chromedriver@e72e][0m Starting W3C Chromedriver session with capabilities: {
[38;5;144m[Chromedriver@e72e][0m   "capabilities": {
[38;5;144m[Chromedriver@e72e][0m     "alwaysMatch": {
[38;5;144m[Chromedriver@e72e][0m       "goog:chromeOptions": {
[38;5;144m[Chromedriver@e72e][0m         "androidPackage": "com.android.chrome",
[38;5;144m[Chromedriver@e72e][0m         "androidUseRunningApp": true,
[38;5;144m[Chromedriver@e72e][0m         "androidDeviceSerial": "emulator-5554"
[38;5;144m[Chromedriver@e72e][0m       },
[38;5;144m[Chromedriver@e72e][0m       "goog:loggingPrefs": {
[38;5;144m[Chromedriver@e72e][0m         "browser": "ALL"
[38;5;144m[Chromedriver@e72e][0m       }
[38;5;144m[Chromedriver@e72e][0m     }
[38;5;144m[Chromedriver@e72e][0m   }
[38;5;144m[Chromedriver@e72e][0m }
[debug] [38;5;144m[Chromedriver@e72e][0m Matched '/session' to command name 'createSession'
[debug] [38;5;144m[Chromedriver@e72e][0m Proxying [POST /session] to [POST http://127.0.0.1:8000/session] with body: {"capabilities":{"alwaysMatch":{"goog:chromeOptions":{"androidPackage":"com.android.chrome","androidUseRunningApp":true,"androidDeviceSerial":"emulator-5554"},"goog:loggingPrefs":{"browser":"ALL"}}}}
[debug] [38;5;144m[Chromedriver@e72e][0m Webview version: 'Chrome/103.0.5060.71'
[38;5;0m[HTTP][0m [37m-->[39m [37mGET[39m [37m/session/ac23a8f0-c238-4336-a08d-f5ef5539c1bb/screenshot[39m
[38;5;0m[HTTP][0m [90m{}[39m
[debug] [38;5;48m[AndroidUiautomator2Driver@b1d2 (ac23a8f0)][0m Calling AppiumDriver.getScreenshot() with args: ["ac23a8f0-c238-4336-a08d-f5ef5539c1bb"]
[38;5;0m[HTTP][0m [37m-->[39m [37mDELETE[39m [37m/session/ac23a8f0-c238-4336-a08d-f5ef5539c1bb[39m
[38;5;0m[HTTP][0m [90m{}[39m
[debug] [38;5;48m[AndroidUiautomator2Driver@b1d2 (ac23a8f0)][0m Calling AppiumDriver.deleteSession() with args: ["ac23a8f0-c238-4336-a08d-f5ef5539c1bb"]
[debug] [38;5;16m[AppiumDriver@8434][0m Event 'quitSessionRequested' logged at 1696644430165 (10:07:10 GMT+0800 (China Standard Time))
[38;5;16m[AppiumDriver@8434][0m Removing session ac23a8f0-c238-4336-a08d-f5ef5539c1bb from our master session list
[debug] [38;5;48m[AndroidUiautomator2Driver@b1d2 (ac23a8f0)][0m Deleting UiAutomator2 session
[debug] [38;5;48m[AndroidUiautomator2Driver@b1d2 (ac23a8f0)][0m Deleting UiAutomator2 server session
[debug] [38;5;48m[AndroidUiautomator2Driver@b1d2 (ac23a8f0)][0m Matched '/' to command name 'deleteSession'
[debug] [38;5;48m[AndroidUiautomator2Driver@b1d2 (ac23a8f0)][0m Proxying [DELETE /] to [DELETE http://127.0.0.1:8200/session/48fc2f10-2849-4e1e-9634-d833b157579f] with no body
[debug] [38;5;48m[AndroidUiautomator2Driver@b1d2 (ac23a8f0)][0m Got response with status 200: {"sessionId":"48fc2f10-2849-4e1e-9634-d833b157579f","value":null}
[debug] [38;5;64m[ADB][0m Running 'C:\Users\cyrus\AppData\Local\Android\Sdk\platform-tools\adb.exe -P 5037 -s emulator-5554 shell dumpsys activity services io.appium.settings/.recorder.RecorderService'
[debug] [38;5;64m[ADB][0m Running 'C:\Users\cyrus\AppData\Local\Android\Sdk\platform-tools\adb.exe -P 5037 -s emulator-5554 shell am force-stop com.socialnmobile.dictapps.notepad.color.note'
[debug] [38;5;96m[Logcat][0m Stopping logcat capture
[debug] [38;5;64m[ADB][0m Removing forwarded port socket connection: 8200 
[debug] [38;5;64m[ADB][0m Running 'C:\Users\cyrus\AppData\Local\Android\Sdk\platform-tools\adb.exe -P 5037 -s emulator-5554 forward --remove tcp:8200'
[38;5;48m[AndroidUiautomator2Driver@b1d2 (ac23a8f0)][0m Restoring hidden api policy to the device default configuration
[debug] [38;5;64m[ADB][0m Running 'C:\Users\cyrus\AppData\Local\Android\Sdk\platform-tools\adb.exe -P 5037 -s emulator-5554 shell 'settings delete global hidden_api_policy_pre_p_apps;settings delete global hidden_api_policy_p_apps;settings delete global hidden_api_policy''
[debug] [38;5;16m[AppiumDriver@8434][0m Event 'quitSessionFinished' logged at 1696644430495 (10:07:10 GMT+0800 (China Standard Time))
[debug] [38;5;16m[AppiumDriver@8434][0m Received response: null
[debug] [38;5;16m[AppiumDriver@8434][0m But deleting session, so not returning
[debug] [38;5;16m[AppiumDriver@8434][0m Responding to client with driver.deleteSession() result: null
[38;5;0m[HTTP][0m [37m<-- DELETE /session/ac23a8f0-c238-4336-a08d-f5ef5539c1bb [39m[32m200[39m [90m331 ms - 14[39m
[38;5;0m[HTTP][0m [90m[39m
[38;5;0m[HTTP][0m [37m<-- GET /session/ac23a8f0-c238-4336-a08d-f5ef5539c1bb/screenshot [39m[32m-[39m [90m- ms - -[39m
[38;5;0m[HTTP][0m [90m[39m
[38;5;0m[HTTP][0m [37m<-- POST /session/ac23a8f0-c238-4336-a08d-f5ef5539c1bb/context [39m[32m-[39m [90m- ms - -[39m
[38;5;0m[HTTP][0m [90m[39m
